PLINK v1.9.0-b.7.7 64-bit (22 Oct 2024)
Options in effect:
  --adjust
  --autosome
  --bfile /share/home/lsy_luzhen/summer_school_gwas_exercise_2025/data/input/European_1w
  --linear
  --memory 10000
  --out /share/home/lsy_luzhen/summer_school_gwas_exercise_2025/data/output/European_1w_standing_height
  --threads 32

Hostname: gpu01
Working directory: /share/home/lsy_luzhen
Start time: Fri Jul  4 00:39:15 2025

Random number seed: 1751560755
257222 MB RAM detected; reserving 10000 MB for main workspace.
784256 variants loaded from .bim file.
10000 people (4674 males, 5326 females) loaded from .fam.
10000 phenotype values loaded from .fam.
Using 1 thread (no multithreaded calculations invoked).
Before main variant filters, 10000 founders and 0 nonfounders present.
Calculating allele frequencies... done.
Total genotyping rate is 0.96925.
784256 variants and 10000 people pass filters and QC.
Phenotype data is quantitative.
Writing linear model association results to
/share/home/lsy_luzhen/summer_school_gwas_exercise_2025/data/output/European_1w_standing_height.assoc.linear
... done.
--adjust: Genomic inflation est. lambda (based on median chisq) = 1.03123.
--adjust values (743685 variants) written to
/share/home/lsy_luzhen/summer_school_gwas_exercise_2025/data/output/European_1w_standing_height.assoc.linear.adjusted
.

End time: Fri Jul  4 00:44:33 2025
